mode: set
tupulung/services/event/event_service.go:29.144,35.2 1 1
tupulung/services/event/event_service.go:42.149,50.2 5 1
tupulung/services/event/event_service.go:57.113,59.16 2 0
tupulung/services/event/event_service.go:62.2,62.16 1 0
tupulung/services/event/event_service.go:65.2,66.32 2 0
tupulung/services/event/event_service.go:70.2,74.8 1 0
tupulung/services/event/event_service.go:59.16,61.3 1 0
tupulung/services/event/event_service.go:62.16,64.3 1 0
tupulung/services/event/event_service.go:66.32,68.3 1 0
tupulung/services/event/event_service.go:82.74,89.2 4 1
tupulung/services/event/event_service.go:96.155,99.18 2 0
tupulung/services/event/event_service.go:102.2,103.16 2 0
tupulung/services/event/event_service.go:108.2,115.77 6 0
tupulung/services/event/event_service.go:120.2,121.16 2 0
tupulung/services/event/event_service.go:124.2,127.38 2 0
tupulung/services/event/event_service.go:135.2,135.18 1 0
tupulung/services/event/event_service.go:151.2,152.16 2 0
tupulung/services/event/event_service.go:157.2,158.16 2 0
tupulung/services/event/event_service.go:162.2,162.22 1 0
tupulung/services/event/event_service.go:99.18,101.3 1 0
tupulung/services/event/event_service.go:103.16,105.3 1 0
tupulung/services/event/event_service.go:115.77,117.3 1 0
tupulung/services/event/event_service.go:121.16,123.3 1 0
tupulung/services/event/event_service.go:127.38,129.17 2 0
tupulung/services/event/event_service.go:132.3,132.33 1 0
tupulung/services/event/event_service.go:129.17,131.4 1 0
tupulung/services/event/event_service.go:135.18,137.17 2 0
tupulung/services/event/event_service.go:140.3,145.17 4 0
tupulung/services/event/event_service.go:148.3,148.25 1 0
tupulung/services/event/event_service.go:137.17,139.4 1 0
tupulung/services/event/event_service.go:145.17,147.4 1 0
tupulung/services/event/event_service.go:152.16,154.3 1 0
tupulung/services/event/event_service.go:158.16,160.3 1 0
tupulung/services/event/event_service.go:170.163,173.18 2 0
tupulung/services/event/event_service.go:176.2,177.16 2 0
tupulung/services/event/event_service.go:182.2,183.16 2 0
tupulung/services/event/event_service.go:188.2,191.77 4 0
tupulung/services/event/event_service.go:196.2,197.16 2 0
tupulung/services/event/event_service.go:200.2,200.29 1 0
tupulung/services/event/event_service.go:203.2,203.38 1 0
tupulung/services/event/event_service.go:210.2,210.18 1 0
tupulung/services/event/event_service.go:232.2,236.16 3 0
tupulung/services/event/event_service.go:241.2,242.16 2 0
tupulung/services/event/event_service.go:246.2,246.22 1 0
tupulung/services/event/event_service.go:173.18,175.3 1 0
tupulung/services/event/event_service.go:177.16,179.3 1 0
tupulung/services/event/event_service.go:183.16,185.3 1 0
tupulung/services/event/event_service.go:191.77,193.3 1 0
tupulung/services/event/event_service.go:197.16,199.3 1 0
tupulung/services/event/event_service.go:200.29,202.3 1 0
tupulung/services/event/event_service.go:203.38,205.17 2 0
tupulung/services/event/event_service.go:208.3,208.33 1 0
tupulung/services/event/event_service.go:205.17,207.4 1 0
tupulung/services/event/event_service.go:210.18,213.24 1 0
tupulung/services/event/event_service.go:219.3,220.17 2 0
tupulung/services/event/event_service.go:224.3,226.17 3 0
tupulung/services/event/event_service.go:229.3,229.25 1 0
tupulung/services/event/event_service.go:213.24,217.4 3 0
tupulung/services/event/event_service.go:220.17,222.4 1 0
tupulung/services/event/event_service.go:226.17,228.4 1 0
tupulung/services/event/event_service.go:236.16,238.3 1 0
tupulung/services/event/event_service.go:242.16,244.3 1 0
tupulung/services/event/event_service.go:254.72,257.16 2 0
tupulung/services/event/event_service.go:262.2,265.77 4 0
tupulung/services/event/event_service.go:270.2,271.16 2 0
tupulung/services/event/event_service.go:274.2,274.29 1 0
tupulung/services/event/event_service.go:279.2,279.23 1 0
tupulung/services/event/event_service.go:286.2,287.12 2 0
tupulung/services/event/event_service.go:257.16,259.3 1 0
tupulung/services/event/event_service.go:265.77,267.3 1 0
tupulung/services/event/event_service.go:271.16,273.3 1 0
tupulung/services/event/event_service.go:274.29,276.3 1 0
tupulung/services/event/event_service.go:279.23,283.3 3 0
