mode: set
tupulung/services/comment/comment_service.go:20.135,26.2 1 1
tupulung/services/comment/comment_service.go:33.153,39.16 3 1
tupulung/services/comment/comment_service.go:44.2,46.25 3 1
tupulung/services/comment/comment_service.go:39.16,41.3 1 1
tupulung/services/comment/comment_service.go:54.115,56.16 2 1
tupulung/services/comment/comment_service.go:59.2,60.15 2 1
tupulung/services/comment/comment_service.go:63.2,63.21 1 1
tupulung/services/comment/comment_service.go:66.2,70.8 1 1
tupulung/services/comment/comment_service.go:56.16,58.3 1 1
tupulung/services/comment/comment_service.go:60.15,62.3 1 1
tupulung/services/comment/comment_service.go:63.21,65.3 1 1
tupulung/services/comment/comment_service.go:78.137,82.16 2 1
tupulung/services/comment/comment_service.go:87.2,92.16 4 1
tupulung/services/comment/comment_service.go:95.2,100.16 4 1
tupulung/services/comment/comment_service.go:105.2,108.24 3 1
tupulung/services/comment/comment_service.go:82.16,84.3 1 1
tupulung/services/comment/comment_service.go:92.16,94.3 1 1
tupulung/services/comment/comment_service.go:100.16,102.3 1 1
tupulung/services/comment/comment_service.go:116.132,120.16 2 1
tupulung/services/comment/comment_service.go:125.2,126.16 2 1
tupulung/services/comment/comment_service.go:131.2,131.35 1 1
tupulung/services/comment/comment_service.go:136.2,145.24 5 1
tupulung/services/comment/comment_service.go:120.16,122.3 1 0
tupulung/services/comment/comment_service.go:126.16,128.3 1 1
tupulung/services/comment/comment_service.go:131.35,133.3 1 0
tupulung/services/comment/comment_service.go:153.64,156.16 2 1
tupulung/services/comment/comment_service.go:161.2,161.35 1 1
tupulung/services/comment/comment_service.go:166.2,167.12 2 1
tupulung/services/comment/comment_service.go:156.16,158.3 1 1
tupulung/services/comment/comment_service.go:161.35,163.3 1 0
tupulung/services/category/category_service.go:18.101,23.2 1 1
tupulung/services/category/category_service.go:30.155,38.2 5 1
tupulung/services/category/category_service.go:46.116,48.16 2 1
tupulung/services/category/category_service.go:51.2,57.8 2 1
tupulung/services/category/category_service.go:48.16,50.3 1 1
tupulung/services/category/category_service.go:65.80,72.2 4 1
tupulung/services/category/category_service.go:80.116,84.16 2 1
tupulung/services/category/category_service.go:89.2,94.16 4 1
tupulung/services/category/category_service.go:99.2,102.25 3 1
tupulung/services/category/category_service.go:84.16,86.3 1 1
tupulung/services/category/category_service.go:94.16,96.3 1 1
tupulung/services/category/category_service.go:111.124,115.16 2 1
tupulung/services/category/category_service.go:120.2,129.25 5 1
tupulung/services/category/category_service.go:115.16,117.3 1 1
tupulung/services/category/category_service.go:137.53,140.16 2 1
tupulung/services/category/category_service.go:145.2,146.12 2 1
tupulung/services/category/category_service.go:140.16,142.3 1 1
tupulung/services/auth/auth_service.go:19.83,23.2 1 1
tupulung/services/auth/auth_service.go:30.95,34.16 2 1
tupulung/services/auth/auth_service.go:39.2,40.18 2 1
tupulung/services/auth/auth_service.go:45.2,50.16 4 1
tupulung/services/auth/auth_service.go:54.2,57.8 1 1
tupulung/services/auth/auth_service.go:34.16,36.3 1 1
tupulung/services/auth/auth_service.go:40.18,42.3 1 1
tupulung/services/auth/auth_service.go:50.16,52.3 1 0
tupulung/services/auth/auth_service.go:65.79,80.2 6 1
tupulung/services/event/event_service.go:29.193,36.2 1 1
tupulung/services/event/event_service.go:43.149,51.31 5 1
tupulung/services/event/event_service.go:59.2,59.23 1 1
tupulung/services/event/event_service.go:51.31,53.17 2 1
tupulung/services/event/event_service.go:56.3,56.35 1 1
tupulung/services/event/event_service.go:53.17,55.4 1 0
tupulung/services/event/event_service.go:67.113,69.16 2 1
tupulung/services/event/event_service.go:72.2,72.16 1 1
tupulung/services/event/event_service.go:75.2,76.32 2 1
tupulung/services/event/event_service.go:80.2,84.8 1 1
tupulung/services/event/event_service.go:69.16,71.3 1 1
tupulung/services/event/event_service.go:72.16,74.3 1 0
tupulung/services/event/event_service.go:76.32,78.3 1 0
tupulung/services/event/event_service.go:92.74,95.16 2 1
tupulung/services/event/event_service.go:98.2,103.16 4 1
tupulung/services/event/event_service.go:106.2,108.22 2 1
tupulung/services/event/event_service.go:95.16,97.3 1 1
tupulung/services/event/event_service.go:103.16,105.3 1 0
tupulung/services/event/event_service.go:116.195,119.18 2 1
tupulung/services/event/event_service.go:122.2,123.16 2 1
tupulung/services/event/event_service.go:128.2,133.16 4 1
tupulung/services/event/event_service.go:136.2,139.38 2 1
tupulung/services/event/event_service.go:147.2,147.18 1 1
tupulung/services/event/event_service.go:158.2,159.16 2 1
tupulung/services/event/event_service.go:164.2,165.16 2 1
tupulung/services/event/event_service.go:169.2,169.22 1 1
tupulung/services/event/event_service.go:119.18,121.3 1 1
tupulung/services/event/event_service.go:123.16,125.3 1 1
tupulung/services/event/event_service.go:133.16,135.3 1 1
tupulung/services/event/event_service.go:139.38,141.17 2 1
tupulung/services/event/event_service.go:144.3,144.33 1 1
tupulung/services/event/event_service.go:141.17,143.4 1 1
tupulung/services/event/event_service.go:147.18,152.17 3 1
tupulung/services/event/event_service.go:155.3,155.25 1 1
tupulung/services/event/event_service.go:152.17,154.4 1 1
tupulung/services/event/event_service.go:159.16,161.3 1 1
tupulung/services/event/event_service.go:165.16,167.3 1 1
tupulung/services/event/event_service.go:177.203,180.18 2 1
tupulung/services/event/event_service.go:183.2,184.16 2 1
tupulung/services/event/event_service.go:189.2,190.16 2 1
tupulung/services/event/event_service.go:195.2,196.16 2 1
tupulung/services/event/event_service.go:199.2,199.29 1 1
tupulung/services/event/event_service.go:202.2,202.38 1 1
tupulung/services/event/event_service.go:209.2,209.18 1 1
tupulung/services/event/event_service.go:227.2,233.16 4 1
tupulung/services/event/event_service.go:238.2,239.16 2 1
tupulung/services/event/event_service.go:243.2,243.22 1 1
tupulung/services/event/event_service.go:180.18,182.3 1 1
tupulung/services/event/event_service.go:184.16,186.3 1 0
tupulung/services/event/event_service.go:190.16,192.3 1 1
tupulung/services/event/event_service.go:196.16,198.3 1 1
tupulung/services/event/event_service.go:199.29,201.3 1 1
tupulung/services/event/event_service.go:202.38,204.17 2 1
tupulung/services/event/event_service.go:207.3,207.33 1 1
tupulung/services/event/event_service.go:204.17,206.4 1 1
tupulung/services/event/event_service.go:209.18,212.24 1 1
tupulung/services/event/event_service.go:219.3,221.17 3 1
tupulung/services/event/event_service.go:224.3,224.25 1 1
tupulung/services/event/event_service.go:212.24,216.4 3 1
tupulung/services/event/event_service.go:221.17,223.4 1 1
tupulung/services/event/event_service.go:233.16,235.3 1 1
tupulung/services/event/event_service.go:239.16,241.3 1 0
tupulung/services/event/event_service.go:251.112,254.16 2 1
tupulung/services/event/event_service.go:259.2,260.16 2 1
tupulung/services/event/event_service.go:263.2,263.29 1 1
tupulung/services/event/event_service.go:268.2,268.23 1 1
tupulung/services/event/event_service.go:275.2,276.12 2 1
tupulung/services/event/event_service.go:254.16,256.3 1 1
tupulung/services/event/event_service.go:260.16,262.3 1 1
tupulung/services/event/event_service.go:263.29,265.3 1 0
tupulung/services/event/event_service.go:268.23,272.3 3 1
tupulung/services/participant/participant_service .go:20.23,26.2 1 1
tupulung/services/participant/participant_service .go:28.69,34.16 4 1
tupulung/services/participant/participant_service .go:38.2,39.21 2 1
tupulung/services/participant/participant_service .go:42.2,43.15 2 1
tupulung/services/participant/participant_service .go:46.2,46.12 1 1
tupulung/services/participant/participant_service .go:34.16,36.3 1 1
tupulung/services/participant/participant_service .go:39.21,41.3 1 1
tupulung/services/participant/participant_service .go:43.15,45.3 1 1
tupulung/services/participant/participant_service .go:49.69,55.16 4 1
tupulung/services/participant/participant_service .go:59.2,60.21 2 1
tupulung/services/participant/participant_service .go:63.2,64.15 2 1
tupulung/services/participant/participant_service .go:67.2,67.12 1 1
tupulung/services/participant/participant_service .go:55.16,57.3 1 1
tupulung/services/participant/participant_service .go:60.21,62.3 1 1
tupulung/services/participant/participant_service .go:64.15,66.3 1 1
tupulung/services/like/like_service.go:17.198,23.2 1 1
tupulung/services/like/like_service.go:25.62,31.16 4 1
tupulung/services/like/like_service.go:35.2,36.21 2 1
tupulung/services/like/like_service.go:39.2,40.15 2 1
tupulung/services/like/like_service.go:43.2,43.12 1 1
tupulung/services/like/like_service.go:31.16,33.3 1 1
tupulung/services/like/like_service.go:36.21,38.3 1 1
tupulung/services/like/like_service.go:40.15,42.3 1 1
tupulung/services/like/like_service.go:46.62,52.16 4 1
tupulung/services/like/like_service.go:56.2,57.21 2 1
tupulung/services/like/like_service.go:60.2,61.15 2 1
tupulung/services/like/like_service.go:64.2,64.12 1 1
tupulung/services/like/like_service.go:52.16,54.3 1 1
tupulung/services/like/like_service.go:57.21,59.3 1 1
tupulung/services/like/like_service.go:61.15,63.3 1 1
tupulung/services/user/user_service.go:29.137,35.2 1 1
tupulung/services/user/user_service.go:42.70,52.2 4 1
tupulung/services/user/user_service.go:59.88,63.16 2 1
tupulung/services/user/user_service.go:68.2,71.22 3 1
tupulung/services/user/user_service.go:63.16,65.3 1 1
tupulung/services/user/user_service.go:80.176,84.19 2 1
tupulung/services/user/user_service.go:87.2,88.16 2 1
tupulung/services/user/user_service.go:93.2,98.16 4 1
tupulung/services/user/user_service.go:101.2,105.16 3 1
tupulung/services/user/user_service.go:108.2,111.19 2 1
tupulung/services/user/user_service.go:123.2,124.16 2 1
tupulung/services/user/user_service.go:129.2,134.16 4 1
tupulung/services/user/user_service.go:139.2,143.21 2 1
tupulung/services/user/user_service.go:84.19,86.3 1 1
tupulung/services/user/user_service.go:88.16,90.3 1 1
tupulung/services/user/user_service.go:98.16,100.3 1 1
tupulung/services/user/user_service.go:105.16,107.3 1 0
tupulung/services/user/user_service.go:111.19,116.17 3 1
tupulung/services/user/user_service.go:119.3,119.26 1 1
tupulung/services/user/user_service.go:116.17,118.4 1 1
tupulung/services/user/user_service.go:124.16,126.3 1 1
tupulung/services/user/user_service.go:134.16,136.3 1 0
tupulung/services/user/user_service.go:151.188,155.19 2 1
tupulung/services/user/user_service.go:158.2,159.16 2 1
tupulung/services/user/user_service.go:164.2,165.16 2 1
tupulung/services/user/user_service.go:170.2,170.32 1 1
tupulung/services/user/user_service.go:179.2,179.19 1 1
tupulung/services/user/user_service.go:198.2,207.21 5 1
tupulung/services/user/user_service.go:155.19,157.3 1 1
tupulung/services/user/user_service.go:159.16,161.3 1 1
tupulung/services/user/user_service.go:165.16,167.3 1 1
tupulung/services/user/user_service.go:170.32,172.17 2 1
tupulung/services/user/user_service.go:175.3,175.41 1 1
tupulung/services/user/user_service.go:172.17,174.4 1 0
tupulung/services/user/user_service.go:179.19,182.24 1 1
tupulung/services/user/user_service.go:189.3,191.17 3 1
tupulung/services/user/user_service.go:194.3,194.26 1 1
tupulung/services/user/user_service.go:182.24,186.4 3 1
tupulung/services/user/user_service.go:191.17,193.4 1 1
tupulung/services/user/user_service.go:216.103,220.16 2 1
tupulung/services/user/user_service.go:225.2,225.23 1 1
tupulung/services/user/user_service.go:232.2,243.12 4 1
tupulung/services/user/user_service.go:220.16,222.3 1 1
tupulung/services/user/user_service.go:225.23,229.3 3 1
